data/2018 Candidate Scrutiny Forms/Balochistan/Provincial Assembly/PB-13/PB-13-0027_5340345710071	guessing some col 2 missing
data/2018 Candidate Scrutiny Forms/Balochistan/Provincial Assembly/PB-15/PB-15-0016_5440028686619	too many rows in tax, but all three rows are identifiable
data/2018 Candidate Scrutiny Forms/KPK/National Assembly/NA-19/NA-19-0010_1730147050509	too many rows in tax, but all three rows are identifiable
data/2018 Candidate Scrutiny Forms/KPK/National Assembly/NA-19/NA-19-0010_1730147050509	only 1 col
data/2018 Candidate Scrutiny Forms/KPK/National Assembly/NA-32/NA-32-0002_4200072543509	guessing some col 2 missing
data/2018 Candidate Scrutiny Forms/KPK/National Assembly/NA-32/NA-32-0002_4200072543509	guessing some col 2 missing
data/2018 Candidate Scrutiny Forms/KPK/National Assembly/NA-32/NA-32-0002_4200072543509	guessing some col 2 missing
data/2018 Candidate Scrutiny Forms/KPK/Provincial Assembly/PAKW/PAKW-0031_1560217758548	too many rows in tax, but all three rows are identifiable
data/2018 Candidate Scrutiny Forms/Punjab/National Assembly/NA-103/NA-103-0002_3310668946385	too many rows in tax, but all three rows are identifiable
data/2018 Candidate Scrutiny Forms/Punjab/National Assembly/NA-138/NA-138-0002_3510237042907	guessing some col 2 missing
data/2018 Candidate Scrutiny Forms/Punjab/National Assembly/NA-149/NA-149-0009_3650214049047	guessing some col 2 missing
data/2018 Candidate Scrutiny Forms/Punjab/National Assembly/NA-149/NA-149-0009_3650214049047	guessing some col 2 missing
data/2018 Candidate Scrutiny Forms/Punjab/National Assembly/NA-149/NA-149-0009_3650214049047	guessing some col 2 missing
data/2018 Candidate Scrutiny Forms/Punjab/National Assembly/NA-182/NA-182-0005_3230441685435	guessing some col 2 missing
data/2018 Candidate Scrutiny Forms/Punjab/National Assembly/NA-53/NA-53-0010_3740552959443	too many rows in tax, but AOP share
data/2018 Candidate Scrutiny Forms/Punjab/National Assembly/NA-53/NA-53-0010_3740552959443	only 1 col
data/2018 Candidate Scrutiny Forms/Punjab/National Assembly/NA-53/NA-53-0010_3740552959443	only 1 col
data/2018 Candidate Scrutiny Forms/Punjab/National Assembly/NA-53/NA-53-0010_3740552959443	only 1 col
data/2018 Candidate Scrutiny Forms/Punjab/National Assembly/NA-61/NA-61-0001_3740552959443	too many rows in tax, but AOP share
data/2018 Candidate Scrutiny Forms/Punjab/National Assembly/NA-61/NA-61-0001_3740552959443	only 1 col
data/2018 Candidate Scrutiny Forms/Punjab/National Assembly/NA-61/NA-61-0001_3740552959443	only 1 col
data/2018 Candidate Scrutiny Forms/Punjab/National Assembly/NA-61/NA-61-0001_3740552959443	only 1 col
data/2018 Candidate Scrutiny Forms/Punjab/National Assembly/NA-80/NA-80-0013_3410161225643	only 1 col
data/2018 Candidate Scrutiny Forms/Punjab/National Assembly/NA-83/NA-83-0010_3410245994991	only 1 col
data/2018 Candidate Scrutiny Forms/Punjab/National Assembly/NA-98/NA-98-0006_3810106314423	too many rows in tax, but all three rows are identifiable
data/2018 Candidate Scrutiny Forms/Punjab/National Assembly/NA-98/NA-98-0006_3810106314423	guessing some col 2 missing
data/2018 Candidate Scrutiny Forms/Punjab/Provincial Assembly/PP-100/PP-100-0010_3310421593395	too many rows in tax, but all three rows are identifiable
data/2018 Candidate Scrutiny Forms/Punjab/Provincial Assembly/PP-103/PP-103-0006_3310680568807	too many rows in tax, but all three rows are identifiable
data/2018 Candidate Scrutiny Forms/Punjab/Provincial Assembly/PP-104/PP-104-0015_3310690883097	too many rows in tax, but all three rows are identifiable
data/2018 Candidate Scrutiny Forms/Punjab/Provincial Assembly/PP-13/PP-13-0009_3740502610895	only 1 col
data/2018 Candidate Scrutiny Forms/Punjab/Provincial Assembly/PP-13/PP-13-0009_3740502610895	only 1 col
data/2018 Candidate Scrutiny Forms/Punjab/Provincial Assembly/PP-141/PP-141-0007_3540433480583	too many rows in tax, but all three rows are identifiable
data/2018 Candidate Scrutiny Forms/Punjab/Provincial Assembly/PP-15/PP-15-0011_3740552959443	too many rows in tax, but AOP share
data/2018 Candidate Scrutiny Forms/Punjab/Provincial Assembly/PP-15/PP-15-0011_3740552959443	only 1 col
data/2018 Candidate Scrutiny Forms/Punjab/Provincial Assembly/PP-15/PP-15-0011_3740552959443	only 1 col
data/2018 Candidate Scrutiny Forms/Punjab/Provincial Assembly/PP-15/PP-15-0011_3740552959443	only 1 col
data/2018 Candidate Scrutiny Forms/Punjab/Provincial Assembly/PP-16/PP-16-0009_3740559699571	guessing col 3 missing
data/2018 Candidate Scrutiny Forms/Punjab/Provincial Assembly/PP-16/PP-16-0009_3740559699571	only 1 col
data/2018 Candidate Scrutiny Forms/Punjab/Provincial Assembly/PP-16/PP-16-0009_3740559699571	only 1 col
data/2018 Candidate Scrutiny Forms/Punjab/Provincial Assembly/PP-26/PP-26-0013_3730147649257	guessing some col 2 missing
data/2018 Candidate Scrutiny Forms/Punjab/Provincial Assembly/PP-45/PP-45-0009_3460316032953	guessing some col 2 missing
data/2018 Candidate Scrutiny Forms/Punjab/Provincial Assembly/PP-55/PP-55-0016_3410128979513	only 1 col
data/2018 Candidate Scrutiny Forms/Punjab/Provincial Assembly/PP-57/PP-57-0034_3410139726385	only 1 col
data/2018 Candidate Scrutiny Forms/Punjab/Provincial Assembly/PP-59/PP-59-0020_3410146580183	guessing some col 2 missing
data/2018 Candidate Scrutiny Forms/Punjab/Provincial Assembly/PP-59/PP-59-0020_3410146580183	guessing some col 2 missing
data/2018 Candidate Scrutiny Forms/Punjab/Provincial Assembly/PP-59/PP-59-0020_3410146580183	only 1 col
data/2018 Candidate Scrutiny Forms/Punjab/Provincial Assembly/PP-59/PP-59-0026_3410125063969	only 1 col
data/2018 Candidate Scrutiny Forms/Punjab/Provincial Assembly/PP-59/PP-59-0026_3410125063969	only 1 col
data/2018 Candidate Scrutiny Forms/Punjab/Provincial Assembly/PP-59/PP-59-0026_3410125063969	only 1 col
data/2018 Candidate Scrutiny Forms/Punjab/Provincial Assembly/PP-60/PP-60-0016_3410125063969	only 1 col
data/2018 Candidate Scrutiny Forms/Punjab/Provincial Assembly/PP-60/PP-60-0016_3410125063969	only 1 col
data/2018 Candidate Scrutiny Forms/Punjab/Provincial Assembly/PP-60/PP-60-0016_3410125063969	only 1 col
data/2018 Candidate Scrutiny Forms/Punjab/Provincial Assembly/PP-62/PP-62-0023_3410161225643	only 1 col
data/2018 Candidate Scrutiny Forms/Punjab/Provincial Assembly/PP-62/PP-62-0023_3410161225643	only 1 col
data/2018 Candidate Scrutiny Forms/Punjab/Provincial Assembly/PP-62/PP-62-0023_3410161225643	only 1 col
data/2018 Candidate Scrutiny Forms/Punjab/Provincial Assembly/PP-9/PP-9-0003_3740114815043	guessing some col 2 missing
data/2018 Candidate Scrutiny Forms/Punjab/Provincial Assembly/PP-9/PP-9-0025_4330149910677	too many rows in tax, but all three rows are identifiable
data/2018 Candidate Scrutiny Forms/Punjab/Provincial Assembly/PP-92/PP-92-0012_3810106314423	too many rows in tax, but all three rows are identifiable
data/2018 Candidate Scrutiny Forms/Punjab/Provincial Assembly/PP-92/PP-92-0012_3810106314423	guessing some col 2 missing
data/2018 Candidate Scrutiny Forms/Sindh/National Assembly/NA-196/NA-196-0001_4230122118897	only 1 col
data/2018 Candidate Scrutiny Forms/Sindh/National Assembly/NA-200/NA-200-0024_4320364410531	only 1 col
data/2018 Candidate Scrutiny Forms/Sindh/National Assembly/NA-200/NA-200-0024_4320364410531	only 1 col
data/2018 Candidate Scrutiny Forms/Sindh/National Assembly/NA-200/NA-200-0024_4320364410531	guessing some col 2 missing
data/2018 Candidate Scrutiny Forms/Sindh/National Assembly/NA-204/NA-204-0002_4510106161279	too many rows in tax, but all three rows are identifiable
data/2018 Candidate Scrutiny Forms/Sindh/National Assembly/NA-204/NA-204-0002_4510106161279	only 1 col
data/2018 Candidate Scrutiny Forms/Sindh/National Assembly/NA-206/NA-206-0002_4550104108919	guessing some col 2 missing
data/2018 Candidate Scrutiny Forms/Sindh/National Assembly/NA-207/NA-207-0002_4550481724178	only 1 col
data/2018 Candidate Scrutiny Forms/Sindh/National Assembly/NA-207/NA-207-0002_4550481724178	only 1 col
data/2018 Candidate Scrutiny Forms/Sindh/National Assembly/NA-211/NA-211-0021_4530278910227	only 1 col
data/2018 Candidate Scrutiny Forms/Sindh/National Assembly/NA-211/NA-211-0021_4530278910227	only 1 col
data/2018 Candidate Scrutiny Forms/Sindh/National Assembly/NA-211/NA-211-0021_4530278910227	guessing some col 2 missing
data/2018 Candidate Scrutiny Forms/Sindh/National Assembly/NA-236/NA-236-0013_1550108773695	only 1 col
data/2018 Candidate Scrutiny Forms/Sindh/National Assembly/NA-239/NA-239-0005_4220198502371	guessing col 3 missing
data/2018 Candidate Scrutiny Forms/Sindh/National Assembly/NASW (8)/NASW-0047_4210114071260	adding row of NA for presumed missing second year
data/2018 Candidate Scrutiny Forms/Sindh/Provincial Assembly/PASM/PASM-0037_4550118757611	only 1 col
data/2018 Candidate Scrutiny Forms/Sindh/Provincial Assembly/PASW/PASW-0011_4550481724178	only 1 col
data/2018 Candidate Scrutiny Forms/Sindh/Provincial Assembly/PS-1/PS-1-0002_4230122118897	only 1 col
data/2018 Candidate Scrutiny Forms/Sindh/Provincial Assembly/PS-12/PS-12-0020_4320173014423	only 1 col
data/2018 Candidate Scrutiny Forms/Sindh/Provincial Assembly/PS-12/PS-12-0020_4320173014423	only 1 col
data/2018 Candidate Scrutiny Forms/Sindh/Provincial Assembly/PS-12/PS-12-0020_4320173014423	only 1 col
data/2018 Candidate Scrutiny Forms/Sindh/Provincial Assembly/PS-123/PS-123-0027_4220168098301	adding row of NA for presumed missing second year
data/2018 Candidate Scrutiny Forms/Sindh/Provincial Assembly/PS-124/PS-124-0017_4210172154325	adding row of NA for presumed missing second year
data/2018 Candidate Scrutiny Forms/Sindh/Provincial Assembly/PS-18/PS-18-0004_4510106161279	too many rows in tax, but all three rows are identifiable
data/2018 Candidate Scrutiny Forms/Sindh/Provincial Assembly/PS-18/PS-18-0004_4510106161279	only 1 col
data/2018 Candidate Scrutiny Forms/Sindh/Provincial Assembly/PS-19/PS-19-0014_4510136091983	too many rows in tax, but all three rows are identifiable
data/2018 Candidate Scrutiny Forms/Sindh/Provincial Assembly/PS-19/PS-19-0014_4510136091983	only 1 col
data/2018 Candidate Scrutiny Forms/Sindh/Provincial Assembly/PS-2/PS-2-0005_4230122118897	only 1 col
data/2018 Candidate Scrutiny Forms/Sindh/Provincial Assembly/PS-22/PS-22-0002_4550104108919	guessing some col 2 missing
data/2018 Candidate Scrutiny Forms/Sindh/Provincial Assembly/PS-24/PS-24-0012_4550481724178	only 1 col
data/2018 Candidate Scrutiny Forms/Sindh/Provincial Assembly/PS-24/PS-24-0012_4550481724178	only 1 col
data/2018 Candidate Scrutiny Forms/Sindh/Provincial Assembly/PS-25/PS-25-0007_4550104108919	guessing some col 2 missing
data/2018 Candidate Scrutiny Forms/Sindh/Provincial Assembly/PS-33/PS-33-0022_4530278910227	only 1 col
data/2018 Candidate Scrutiny Forms/Sindh/Provincial Assembly/PS-33/PS-33-0022_4530278910227	only 1 col
data/2018 Candidate Scrutiny Forms/Sindh/Provincial Assembly/PS-33/PS-33-0022_4530278910227	guessing some col 2 missing
data/2018 Candidate Scrutiny Forms/Sindh/Provincial Assembly/PS-49/PS-49-0006_4230189906189	too many rows in tax, but all three rows are identifiable
data/2018 Candidate Scrutiny Forms/Sindh/Provincial Assembly/PS-91/PS-91-0034_4250187873873	adding row of NA for presumed missing second year
data/2018 Candidate Scrutiny Forms/Sindh/Provincial Assembly/PS-95 (2)/PS-95-0027_4200003602584	adding row of NA for presumed missing second year
data/2018 Candidate Scrutiny Forms/Balochistan/Provincial Assembly/PB-13/PB-13-0027_5340345710071	guessing some col 2 missing
data/2018 Candidate Scrutiny Forms/Balochistan/Provincial Assembly/PB-15/PB-15-0016_5440028686619	too many rows in tax, but all three rows are identifiable
data/2018 Candidate Scrutiny Forms/KPK/National Assembly/NA-19/NA-19-0010_1730147050509	too many rows in tax, but all three rows are identifiable
data/2018 Candidate Scrutiny Forms/KPK/National Assembly/NA-19/NA-19-0010_1730147050509	only 1 col
data/2018 Candidate Scrutiny Forms/KPK/National Assembly/NA-32/NA-32-0002_4200072543509	guessing some col 2 missing
data/2018 Candidate Scrutiny Forms/KPK/National Assembly/NA-32/NA-32-0002_4200072543509	guessing some col 2 missing
data/2018 Candidate Scrutiny Forms/KPK/National Assembly/NA-32/NA-32-0002_4200072543509	guessing some col 2 missing
data/2018 Candidate Scrutiny Forms/KPK/Provincial Assembly/PAKW/PAKW-0031_1560217758548	too many rows in tax, but all three rows are identifiable
data/2018 Candidate Scrutiny Forms/Punjab/National Assembly/NA-98/NA-98-0006_3810106314423	too many rows in tax, but all three rows are identifiable
data/2018 Candidate Scrutiny Forms/Punjab/National Assembly/NA-98/NA-98-0006_3810106314423	guessing some col 2 missing
data/2018 Candidate Scrutiny Forms/Balochistan/Provincial Assembly/PB-13/PB-13-0027_5340345710071	guessing some col 2 missing
data/2018 Candidate Scrutiny Forms/Balochistan/Provincial Assembly/PB-15/PB-15-0016_5440028686619	too many rows in tax, but all three rows are identifiable
data/2018 Candidate Scrutiny Forms/KPK/National Assembly/NA-19/NA-19-0010_1730147050509	too many rows in tax, but all three rows are identifiable
data/2018 Candidate Scrutiny Forms/KPK/National Assembly/NA-19/NA-19-0010_1730147050509	only 1 col
data/2018 Candidate Scrutiny Forms/KPK/National Assembly/NA-32/NA-32-0002_4200072543509	guessing some col 2 missing
data/2018 Candidate Scrutiny Forms/KPK/National Assembly/NA-32/NA-32-0002_4200072543509	guessing some col 2 missing
data/2018 Candidate Scrutiny Forms/KPK/National Assembly/NA-32/NA-32-0002_4200072543509	guessing some col 2 missing
data/2018 Candidate Scrutiny Forms/KPK/Provincial Assembly/PAKW/PAKW-0031_1560217758548	too many rows in tax, but all three rows are identifiable
data/2018 Candidate Scrutiny Forms/Punjab/National Assembly/NA-103/NA-103-0002_3310668946385	too many rows in tax, but all three rows are identifiable
data/2018 Candidate Scrutiny Forms/Punjab/National Assembly/NA-138/NA-138-0002_3510237042907	guessing some col 2 missing
data/2018 Candidate Scrutiny Forms/Punjab/National Assembly/NA-149/NA-149-0009_3650214049047	guessing some col 2 missing
data/2018 Candidate Scrutiny Forms/Punjab/National Assembly/NA-149/NA-149-0009_3650214049047	guessing some col 2 missing
data/2018 Candidate Scrutiny Forms/Punjab/National Assembly/NA-149/NA-149-0009_3650214049047	guessing some col 2 missing
data/2018 Candidate Scrutiny Forms/Punjab/National Assembly/NA-182/NA-182-0005_3230441685435	guessing some col 2 missing
data/2018 Candidate Scrutiny Forms/Punjab/National Assembly/NA-53/NA-53-0010_3740552959443	too many rows in tax, but AOP share
data/2018 Candidate Scrutiny Forms/Punjab/National Assembly/NA-53/NA-53-0010_3740552959443	only 1 col
data/2018 Candidate Scrutiny Forms/Punjab/National Assembly/NA-53/NA-53-0010_3740552959443	only 1 col
data/2018 Candidate Scrutiny Forms/Punjab/National Assembly/NA-53/NA-53-0010_3740552959443	only 1 col
data/2018 Candidate Scrutiny Forms/Punjab/National Assembly/NA-61/NA-61-0001_3740552959443	too many rows in tax, but AOP share
data/2018 Candidate Scrutiny Forms/Punjab/National Assembly/NA-61/NA-61-0001_3740552959443	only 1 col
data/2018 Candidate Scrutiny Forms/Punjab/National Assembly/NA-61/NA-61-0001_3740552959443	only 1 col
data/2018 Candidate Scrutiny Forms/Punjab/National Assembly/NA-61/NA-61-0001_3740552959443	only 1 col
data/2018 Candidate Scrutiny Forms/Punjab/National Assembly/NA-80/NA-80-0013_3410161225643	only 1 col
data/2018 Candidate Scrutiny Forms/Punjab/National Assembly/NA-83/NA-83-0010_3410245994991	only 1 col
data/2018 Candidate Scrutiny Forms/Punjab/National Assembly/NA-98/NA-98-0006_3810106314423	too many rows in tax, but all three rows are identifiable
data/2018 Candidate Scrutiny Forms/Punjab/National Assembly/NA-98/NA-98-0006_3810106314423	guessing some col 2 missing
data/2018 Candidate Scrutiny Forms/Punjab/Provincial Assembly/PP-100/PP-100-0010_3310421593395	too many rows in tax, but all three rows are identifiable
data/2018 Candidate Scrutiny Forms/Punjab/Provincial Assembly/PP-103/PP-103-0006_3310680568807	too many rows in tax, but all three rows are identifiable
data/2018 Candidate Scrutiny Forms/Punjab/Provincial Assembly/PP-104/PP-104-0015_3310690883097	too many rows in tax, but all three rows are identifiable
data/2018 Candidate Scrutiny Forms/Punjab/Provincial Assembly/PP-13/PP-13-0009_3740502610895	only 1 col
data/2018 Candidate Scrutiny Forms/Punjab/Provincial Assembly/PP-13/PP-13-0009_3740502610895	only 1 col
data/2018 Candidate Scrutiny Forms/Punjab/Provincial Assembly/PP-141/PP-141-0007_3540433480583	too many rows in tax, but all three rows are identifiable
data/2018 Candidate Scrutiny Forms/Punjab/Provincial Assembly/PP-15/PP-15-0011_3740552959443	too many rows in tax, but AOP share
data/2018 Candidate Scrutiny Forms/Punjab/Provincial Assembly/PP-15/PP-15-0011_3740552959443	only 1 col
data/2018 Candidate Scrutiny Forms/Punjab/Provincial Assembly/PP-15/PP-15-0011_3740552959443	only 1 col
data/2018 Candidate Scrutiny Forms/Punjab/Provincial Assembly/PP-15/PP-15-0011_3740552959443	only 1 col
data/2018 Candidate Scrutiny Forms/Punjab/Provincial Assembly/PP-16/PP-16-0009_3740559699571	guessing col 3 missing
data/2018 Candidate Scrutiny Forms/Punjab/Provincial Assembly/PP-16/PP-16-0009_3740559699571	only 1 col
data/2018 Candidate Scrutiny Forms/Punjab/Provincial Assembly/PP-16/PP-16-0009_3740559699571	only 1 col
data/2018 Candidate Scrutiny Forms/Punjab/Provincial Assembly/PP-26/PP-26-0013_3730147649257	guessing some col 2 missing
data/2018 Candidate Scrutiny Forms/Punjab/Provincial Assembly/PP-45/PP-45-0009_3460316032953	guessing some col 2 missing
data/2018 Candidate Scrutiny Forms/Punjab/Provincial Assembly/PP-55/PP-55-0016_3410128979513	only 1 col
data/2018 Candidate Scrutiny Forms/Punjab/Provincial Assembly/PP-57/PP-57-0034_3410139726385	only 1 col
data/2018 Candidate Scrutiny Forms/Punjab/Provincial Assembly/PP-59/PP-59-0020_3410146580183	guessing some col 2 missing
data/2018 Candidate Scrutiny Forms/Punjab/Provincial Assembly/PP-59/PP-59-0020_3410146580183	guessing some col 2 missing
data/2018 Candidate Scrutiny Forms/Punjab/Provincial Assembly/PP-59/PP-59-0020_3410146580183	only 1 col
data/2018 Candidate Scrutiny Forms/Punjab/Provincial Assembly/PP-59/PP-59-0026_3410125063969	only 1 col
data/2018 Candidate Scrutiny Forms/Punjab/Provincial Assembly/PP-59/PP-59-0026_3410125063969	only 1 col
data/2018 Candidate Scrutiny Forms/Punjab/Provincial Assembly/PP-59/PP-59-0026_3410125063969	only 1 col
data/2018 Candidate Scrutiny Forms/Punjab/Provincial Assembly/PP-60/PP-60-0016_3410125063969	only 1 col
data/2018 Candidate Scrutiny Forms/Punjab/Provincial Assembly/PP-60/PP-60-0016_3410125063969	only 1 col
data/2018 Candidate Scrutiny Forms/Punjab/Provincial Assembly/PP-60/PP-60-0016_3410125063969	only 1 col
data/2018 Candidate Scrutiny Forms/Punjab/Provincial Assembly/PP-62/PP-62-0023_3410161225643	only 1 col
data/2018 Candidate Scrutiny Forms/Punjab/Provincial Assembly/PP-62/PP-62-0023_3410161225643	only 1 col
data/2018 Candidate Scrutiny Forms/Punjab/Provincial Assembly/PP-62/PP-62-0023_3410161225643	only 1 col
data/2018 Candidate Scrutiny Forms/Punjab/Provincial Assembly/PP-9/PP-9-0003_3740114815043	guessing some col 2 missing
data/2018 Candidate Scrutiny Forms/Punjab/Provincial Assembly/PP-9/PP-9-0025_4330149910677	too many rows in tax, but all three rows are identifiable
data/2018 Candidate Scrutiny Forms/Punjab/Provincial Assembly/PP-92/PP-92-0012_3810106314423	too many rows in tax, but all three rows are identifiable
data/2018 Candidate Scrutiny Forms/Punjab/Provincial Assembly/PP-92/PP-92-0012_3810106314423	guessing some col 2 missing
data/2018 Candidate Scrutiny Forms/Sindh/National Assembly/NA-196/NA-196-0001_4230122118897	only 1 col
data/2018 Candidate Scrutiny Forms/Sindh/National Assembly/NA-200/NA-200-0024_4320364410531	only 1 col
data/2018 Candidate Scrutiny Forms/Sindh/National Assembly/NA-200/NA-200-0024_4320364410531	only 1 col
data/2018 Candidate Scrutiny Forms/Sindh/National Assembly/NA-200/NA-200-0024_4320364410531	guessing some col 2 missing
data/2018 Candidate Scrutiny Forms/Sindh/National Assembly/NA-204/NA-204-0002_4510106161279	too many rows in tax, but all three rows are identifiable
data/2018 Candidate Scrutiny Forms/Sindh/National Assembly/NA-204/NA-204-0002_4510106161279	only 1 col
data/2018 Candidate Scrutiny Forms/Sindh/National Assembly/NA-206/NA-206-0002_4550104108919	guessing some col 2 missing
data/2018 Candidate Scrutiny Forms/Sindh/National Assembly/NA-207/NA-207-0002_4550481724178	only 1 col
data/2018 Candidate Scrutiny Forms/Sindh/National Assembly/NA-207/NA-207-0002_4550481724178	only 1 col
data/2018 Candidate Scrutiny Forms/Sindh/National Assembly/NA-211/NA-211-0021_4530278910227	only 1 col
data/2018 Candidate Scrutiny Forms/Sindh/National Assembly/NA-211/NA-211-0021_4530278910227	only 1 col
data/2018 Candidate Scrutiny Forms/Sindh/National Assembly/NA-211/NA-211-0021_4530278910227	guessing some col 2 missing
data/2018 Candidate Scrutiny Forms/Sindh/National Assembly/NA-236/NA-236-0013_1550108773695	only 1 col
data/2018 Candidate Scrutiny Forms/Sindh/National Assembly/NA-239/NA-239-0005_4220198502371	guessing col 3 missing
data/2018 Candidate Scrutiny Forms/Sindh/National Assembly/NASW (8)/NASW-0047_4210114071260	adding row of NA for presumed missing second year
data/2018 Candidate Scrutiny Forms/Sindh/Provincial Assembly/PASM/PASM-0037_4550118757611	only 1 col
data/2018 Candidate Scrutiny Forms/Sindh/Provincial Assembly/PASW/PASW-0011_4550481724178	only 1 col
data/2018 Candidate Scrutiny Forms/Sindh/Provincial Assembly/PS-1/PS-1-0002_4230122118897	only 1 col
data/2018 Candidate Scrutiny Forms/Sindh/Provincial Assembly/PS-12/PS-12-0020_4320173014423	only 1 col
data/2018 Candidate Scrutiny Forms/Sindh/Provincial Assembly/PS-12/PS-12-0020_4320173014423	only 1 col
data/2018 Candidate Scrutiny Forms/Sindh/Provincial Assembly/PS-12/PS-12-0020_4320173014423	only 1 col
data/2018 Candidate Scrutiny Forms/Sindh/Provincial Assembly/PS-123/PS-123-0027_4220168098301	adding row of NA for presumed missing second year
data/2018 Candidate Scrutiny Forms/Sindh/Provincial Assembly/PS-124/PS-124-0017_4210172154325	adding row of NA for presumed missing second year
data/2018 Candidate Scrutiny Forms/Sindh/Provincial Assembly/PS-18/PS-18-0004_4510106161279	too many rows in tax, but all three rows are identifiable
data/2018 Candidate Scrutiny Forms/Sindh/Provincial Assembly/PS-18/PS-18-0004_4510106161279	only 1 col
data/2018 Candidate Scrutiny Forms/Sindh/Provincial Assembly/PS-19/PS-19-0014_4510136091983	too many rows in tax, but all three rows are identifiable
data/2018 Candidate Scrutiny Forms/Sindh/Provincial Assembly/PS-19/PS-19-0014_4510136091983	only 1 col
data/2018 Candidate Scrutiny Forms/Sindh/Provincial Assembly/PS-2/PS-2-0005_4230122118897	only 1 col
data/2018 Candidate Scrutiny Forms/Sindh/Provincial Assembly/PS-22/PS-22-0002_4550104108919	guessing some col 2 missing
data/2018 Candidate Scrutiny Forms/Sindh/Provincial Assembly/PS-24/PS-24-0012_4550481724178	only 1 col
data/2018 Candidate Scrutiny Forms/Sindh/Provincial Assembly/PS-24/PS-24-0012_4550481724178	only 1 col
data/2018 Candidate Scrutiny Forms/Sindh/Provincial Assembly/PS-25/PS-25-0007_4550104108919	guessing some col 2 missing
data/2018 Candidate Scrutiny Forms/Sindh/Provincial Assembly/PS-33/PS-33-0022_4530278910227	only 1 col
data/2018 Candidate Scrutiny Forms/Sindh/Provincial Assembly/PS-33/PS-33-0022_4530278910227	only 1 col
data/2018 Candidate Scrutiny Forms/Sindh/Provincial Assembly/PS-33/PS-33-0022_4530278910227	guessing some col 2 missing
data/2018 Candidate Scrutiny Forms/Sindh/Provincial Assembly/PS-49/PS-49-0006_4230189906189	too many rows in tax, but all three rows are identifiable
data/2018 Candidate Scrutiny Forms/Sindh/Provincial Assembly/PS-91/PS-91-0034_4250187873873	adding row of NA for presumed missing second year
data/2018 Candidate Scrutiny Forms/Sindh/Provincial Assembly/PS-95 (2)/PS-95-0027_4200003602584	adding row of NA for presumed missing second year
data/2018 Candidate Scrutiny Forms/Balochistan/Provincial Assembly/PB-13/PB-13-0027_5340345710071	guessing some col 2 missing
data/2018 Candidate Scrutiny Forms/Balochistan/Provincial Assembly/PB-15/PB-15-0016_5440028686619	too many rows in tax, but all three rows are identifiable
data/2018 Candidate Scrutiny Forms/KPK/National Assembly/NA-19/NA-19-0010_1730147050509	too many rows in tax, but all three rows are identifiable
data/2018 Candidate Scrutiny Forms/KPK/National Assembly/NA-19/NA-19-0010_1730147050509	only 1 col
data/2018 Candidate Scrutiny Forms/KPK/National Assembly/NA-32/NA-32-0002_4200072543509	guessing some col 2 missing
data/2018 Candidate Scrutiny Forms/KPK/National Assembly/NA-32/NA-32-0002_4200072543509	guessing some col 2 missing
data/2018 Candidate Scrutiny Forms/KPK/National Assembly/NA-32/NA-32-0002_4200072543509	guessing some col 2 missing
data/2018 Candidate Scrutiny Forms/KPK/Provincial Assembly/PAKW/PAKW-0031_1560217758548	too many rows in tax, but all three rows are identifiable
data/2018 Candidate Scrutiny Forms/Punjab/National Assembly/NA-103/NA-103-0002_3310668946385	too many rows in tax, but all three rows are identifiable
data/2018 Candidate Scrutiny Forms/Punjab/National Assembly/NA-138/NA-138-0002_3510237042907	guessing some col 2 missing
data/2018 Candidate Scrutiny Forms/Punjab/National Assembly/NA-149/NA-149-0009_3650214049047	guessing some col 2 missing
data/2018 Candidate Scrutiny Forms/Punjab/National Assembly/NA-149/NA-149-0009_3650214049047	guessing some col 2 missing
data/2018 Candidate Scrutiny Forms/Punjab/National Assembly/NA-149/NA-149-0009_3650214049047	guessing some col 2 missing
data/2018 Candidate Scrutiny Forms/Punjab/National Assembly/NA-182/NA-182-0005_3230441685435	guessing some col 2 missing
data/2018 Candidate Scrutiny Forms/Punjab/National Assembly/NA-53/NA-53-0010_3740552959443	too many rows in tax, but AOP share
data/2018 Candidate Scrutiny Forms/Punjab/National Assembly/NA-53/NA-53-0010_3740552959443	only 1 col
data/2018 Candidate Scrutiny Forms/Punjab/National Assembly/NA-53/NA-53-0010_3740552959443	only 1 col
data/2018 Candidate Scrutiny Forms/Punjab/National Assembly/NA-53/NA-53-0010_3740552959443	only 1 col
data/2018 Candidate Scrutiny Forms/Punjab/National Assembly/NA-61/NA-61-0001_3740552959443	too many rows in tax, but AOP share
data/2018 Candidate Scrutiny Forms/Punjab/National Assembly/NA-61/NA-61-0001_3740552959443	only 1 col
data/2018 Candidate Scrutiny Forms/Punjab/National Assembly/NA-61/NA-61-0001_3740552959443	only 1 col
data/2018 Candidate Scrutiny Forms/Punjab/National Assembly/NA-61/NA-61-0001_3740552959443	only 1 col
data/2018 Candidate Scrutiny Forms/Punjab/National Assembly/NA-80/NA-80-0013_3410161225643	only 1 col
data/2018 Candidate Scrutiny Forms/Punjab/National Assembly/NA-83/NA-83-0010_3410245994991	only 1 col
data/2018 Candidate Scrutiny Forms/Punjab/National Assembly/NA-98/NA-98-0006_3810106314423	too many rows in tax, but all three rows are identifiable
data/2018 Candidate Scrutiny Forms/Punjab/National Assembly/NA-98/NA-98-0006_3810106314423	guessing some col 2 missing
data/2018 Candidate Scrutiny Forms/Punjab/Provincial Assembly/PP-100/PP-100-0010_3310421593395	too many rows in tax, but all three rows are identifiable
data/2018 Candidate Scrutiny Forms/Punjab/Provincial Assembly/PP-103/PP-103-0006_3310680568807	too many rows in tax, but all three rows are identifiable
data/2018 Candidate Scrutiny Forms/Punjab/Provincial Assembly/PP-104/PP-104-0015_3310690883097	too many rows in tax, but all three rows are identifiable
data/2018 Candidate Scrutiny Forms/Punjab/Provincial Assembly/PP-13/PP-13-0009_3740502610895	only 1 col
data/2018 Candidate Scrutiny Forms/Punjab/Provincial Assembly/PP-13/PP-13-0009_3740502610895	only 1 col
data/2018 Candidate Scrutiny Forms/Punjab/Provincial Assembly/PP-141/PP-141-0007_3540433480583	too many rows in tax, but all three rows are identifiable
data/2018 Candidate Scrutiny Forms/Punjab/Provincial Assembly/PP-15/PP-15-0011_3740552959443	too many rows in tax, but AOP share
data/2018 Candidate Scrutiny Forms/Punjab/Provincial Assembly/PP-15/PP-15-0011_3740552959443	only 1 col
data/2018 Candidate Scrutiny Forms/Punjab/Provincial Assembly/PP-15/PP-15-0011_3740552959443	only 1 col
data/2018 Candidate Scrutiny Forms/Punjab/Provincial Assembly/PP-15/PP-15-0011_3740552959443	only 1 col
data/2018 Candidate Scrutiny Forms/Punjab/Provincial Assembly/PP-16/PP-16-0009_3740559699571	guessing col 3 missing
data/2018 Candidate Scrutiny Forms/Punjab/Provincial Assembly/PP-16/PP-16-0009_3740559699571	only 1 col
data/2018 Candidate Scrutiny Forms/Punjab/Provincial Assembly/PP-16/PP-16-0009_3740559699571	only 1 col
data/2018 Candidate Scrutiny Forms/Punjab/Provincial Assembly/PP-26/PP-26-0013_3730147649257	guessing some col 2 missing
data/2018 Candidate Scrutiny Forms/Punjab/Provincial Assembly/PP-45/PP-45-0009_3460316032953	guessing some col 2 missing
data/2018 Candidate Scrutiny Forms/Punjab/Provincial Assembly/PP-55/PP-55-0016_3410128979513	only 1 col
data/2018 Candidate Scrutiny Forms/Punjab/Provincial Assembly/PP-57/PP-57-0034_3410139726385	only 1 col
data/2018 Candidate Scrutiny Forms/Punjab/Provincial Assembly/PP-59/PP-59-0020_3410146580183	guessing some col 2 missing
data/2018 Candidate Scrutiny Forms/Punjab/Provincial Assembly/PP-59/PP-59-0020_3410146580183	guessing some col 2 missing
data/2018 Candidate Scrutiny Forms/Punjab/Provincial Assembly/PP-59/PP-59-0020_3410146580183	only 1 col
data/2018 Candidate Scrutiny Forms/Punjab/Provincial Assembly/PP-59/PP-59-0026_3410125063969	only 1 col
data/2018 Candidate Scrutiny Forms/Punjab/Provincial Assembly/PP-59/PP-59-0026_3410125063969	only 1 col
data/2018 Candidate Scrutiny Forms/Punjab/Provincial Assembly/PP-59/PP-59-0026_3410125063969	only 1 col
data/2018 Candidate Scrutiny Forms/Punjab/Provincial Assembly/PP-60/PP-60-0016_3410125063969	only 1 col
data/2018 Candidate Scrutiny Forms/Punjab/Provincial Assembly/PP-60/PP-60-0016_3410125063969	only 1 col
data/2018 Candidate Scrutiny Forms/Punjab/Provincial Assembly/PP-60/PP-60-0016_3410125063969	only 1 col
data/2018 Candidate Scrutiny Forms/Punjab/Provincial Assembly/PP-62/PP-62-0023_3410161225643	only 1 col
data/2018 Candidate Scrutiny Forms/Punjab/Provincial Assembly/PP-62/PP-62-0023_3410161225643	only 1 col
data/2018 Candidate Scrutiny Forms/Punjab/Provincial Assembly/PP-62/PP-62-0023_3410161225643	only 1 col
data/2018 Candidate Scrutiny Forms/Punjab/Provincial Assembly/PP-9/PP-9-0003_3740114815043	guessing some col 2 missing
data/2018 Candidate Scrutiny Forms/Punjab/Provincial Assembly/PP-9/PP-9-0025_4330149910677	too many rows in tax, but all three rows are identifiable
data/2018 Candidate Scrutiny Forms/Punjab/Provincial Assembly/PP-92/PP-92-0012_3810106314423	too many rows in tax, but all three rows are identifiable
data/2018 Candidate Scrutiny Forms/Punjab/Provincial Assembly/PP-92/PP-92-0012_3810106314423	guessing some col 2 missing
data/2018 Candidate Scrutiny Forms/Sindh/National Assembly/NA-196/NA-196-0001_4230122118897	only 1 col
data/2018 Candidate Scrutiny Forms/Sindh/National Assembly/NA-200/NA-200-0024_4320364410531	only 1 col
data/2018 Candidate Scrutiny Forms/Sindh/National Assembly/NA-200/NA-200-0024_4320364410531	only 1 col
data/2018 Candidate Scrutiny Forms/Sindh/National Assembly/NA-200/NA-200-0024_4320364410531	guessing some col 2 missing
data/2018 Candidate Scrutiny Forms/Sindh/National Assembly/NA-204/NA-204-0002_4510106161279	too many rows in tax, but all three rows are identifiable
data/2018 Candidate Scrutiny Forms/Sindh/National Assembly/NA-204/NA-204-0002_4510106161279	only 1 col
data/2018 Candidate Scrutiny Forms/Sindh/National Assembly/NA-206/NA-206-0002_4550104108919	guessing some col 2 missing
data/2018 Candidate Scrutiny Forms/Sindh/National Assembly/NA-207/NA-207-0002_4550481724178	only 1 col
data/2018 Candidate Scrutiny Forms/Sindh/National Assembly/NA-207/NA-207-0002_4550481724178	only 1 col
data/2018 Candidate Scrutiny Forms/Sindh/National Assembly/NA-211/NA-211-0021_4530278910227	only 1 col
data/2018 Candidate Scrutiny Forms/Sindh/National Assembly/NA-211/NA-211-0021_4530278910227	only 1 col
data/2018 Candidate Scrutiny Forms/Sindh/National Assembly/NA-211/NA-211-0021_4530278910227	guessing some col 2 missing
data/2018 Candidate Scrutiny Forms/Sindh/National Assembly/NA-236/NA-236-0013_1550108773695	only 1 col
data/2018 Candidate Scrutiny Forms/Sindh/National Assembly/NA-239/NA-239-0005_4220198502371	guessing col 3 missing
data/2018 Candidate Scrutiny Forms/Sindh/National Assembly/NASW (8)/NASW-0047_4210114071260	adding row of NA for presumed missing second year
data/2018 Candidate Scrutiny Forms/Sindh/Provincial Assembly/PASM/PASM-0037_4550118757611	only 1 col
data/2018 Candidate Scrutiny Forms/Sindh/Provincial Assembly/PASW/PASW-0011_4550481724178	only 1 col
data/2018 Candidate Scrutiny Forms/Sindh/Provincial Assembly/PS-1/PS-1-0002_4230122118897	only 1 col
data/2018 Candidate Scrutiny Forms/Sindh/Provincial Assembly/PS-12/PS-12-0020_4320173014423	only 1 col
data/2018 Candidate Scrutiny Forms/Sindh/Provincial Assembly/PS-12/PS-12-0020_4320173014423	only 1 col
data/2018 Candidate Scrutiny Forms/Sindh/Provincial Assembly/PS-12/PS-12-0020_4320173014423	only 1 col
data/2018 Candidate Scrutiny Forms/Sindh/Provincial Assembly/PS-123/PS-123-0027_4220168098301	adding row of NA for presumed missing second year
data/2018 Candidate Scrutiny Forms/Sindh/Provincial Assembly/PS-124/PS-124-0017_4210172154325	adding row of NA for presumed missing second year
data/2018 Candidate Scrutiny Forms/Sindh/Provincial Assembly/PS-18/PS-18-0004_4510106161279	too many rows in tax, but all three rows are identifiable
data/2018 Candidate Scrutiny Forms/Sindh/Provincial Assembly/PS-18/PS-18-0004_4510106161279	only 1 col
data/2018 Candidate Scrutiny Forms/Sindh/Provincial Assembly/PS-19/PS-19-0014_4510136091983	too many rows in tax, but all three rows are identifiable
data/2018 Candidate Scrutiny Forms/Sindh/Provincial Assembly/PS-19/PS-19-0014_4510136091983	only 1 col
data/2018 Candidate Scrutiny Forms/Sindh/Provincial Assembly/PS-2/PS-2-0005_4230122118897	only 1 col
data/2018 Candidate Scrutiny Forms/Sindh/Provincial Assembly/PS-22/PS-22-0002_4550104108919	guessing some col 2 missing
data/2018 Candidate Scrutiny Forms/Sindh/Provincial Assembly/PS-24/PS-24-0012_4550481724178	only 1 col
data/2018 Candidate Scrutiny Forms/Sindh/Provincial Assembly/PS-24/PS-24-0012_4550481724178	only 1 col
data/2018 Candidate Scrutiny Forms/Sindh/Provincial Assembly/PS-25/PS-25-0007_4550104108919	guessing some col 2 missing
data/2018 Candidate Scrutiny Forms/Sindh/Provincial Assembly/PS-33/PS-33-0022_4530278910227	only 1 col
data/2018 Candidate Scrutiny Forms/Sindh/Provincial Assembly/PS-33/PS-33-0022_4530278910227	only 1 col
data/2018 Candidate Scrutiny Forms/Sindh/Provincial Assembly/PS-33/PS-33-0022_4530278910227	guessing some col 2 missing
data/2018 Candidate Scrutiny Forms/Sindh/Provincial Assembly/PS-49/PS-49-0006_4230189906189	too many rows in tax, but all three rows are identifiable
data/2018 Candidate Scrutiny Forms/Sindh/Provincial Assembly/PS-91/PS-91-0034_4250187873873	adding row of NA for presumed missing second year
data/2018 Candidate Scrutiny Forms/Sindh/Provincial Assembly/PS-95 (2)/PS-95-0027_4200003602584	adding row of NA for presumed missing second year
data/2018 Candidate Scrutiny Forms/Balochistan/National Assembly/NA-261/NA-261-0007_5340382191767	too many rows in tax, manual fix
data/2018 Candidate Scrutiny Forms/Balochistan/National Assembly/NA-261/NA-261-0007_5340382191767	only 1 col
data/2018 Candidate Scrutiny Forms/Balochistan/National Assembly/NA-261/NA-261-0007_5340382191767	guessing col 3 missing
data/2018 Candidate Scrutiny Forms/Balochistan/National Assembly/NA-261/NA-261-0007_5340382191767	too many rows in tax, manual fix
data/2018 Candidate Scrutiny Forms/Balochistan/National Assembly/NA-261/NA-261-0007_5340382191767	only 1 col
data/2018 Candidate Scrutiny Forms/Balochistan/National Assembly/NA-261/NA-261-0007_5340382191767	guessing col 3 missing
data/2018 Candidate Scrutiny Forms/Balochistan/National Assembly/NA-261/NA-261-0007_5340382191767	too many rows in tax, manual fix
data/2018 Candidate Scrutiny Forms/Balochistan/National Assembly/NA-261/NA-261-0007_5340382191767	only 1 col
data/2018 Candidate Scrutiny Forms/Balochistan/National Assembly/NA-261/NA-261-0007_5340382191767	guessing col 3 missing
data/2018 Candidate Scrutiny Forms/Balochistan/Provincial Assembly/PB-13/PB-13-0027_5340345710071	guessing some col 2 missing
data/2018 Candidate Scrutiny Forms/Balochistan/Provincial Assembly/PB-15/PB-15-0016_5440028686619	too many rows in tax, but all three rows are identifiable
data/2018 Candidate Scrutiny Forms/KPK/National Assembly/NA-19/NA-19-0010_1730147050509	too many rows in tax, but all three rows are identifiable
data/2018 Candidate Scrutiny Forms/KPK/National Assembly/NA-19/NA-19-0010_1730147050509	only 1 col
data/2018 Candidate Scrutiny Forms/KPK/National Assembly/NA-32/NA-32-0002_4200072543509	guessing some col 2 missing
data/2018 Candidate Scrutiny Forms/KPK/National Assembly/NA-32/NA-32-0002_4200072543509	guessing some col 2 missing
data/2018 Candidate Scrutiny Forms/KPK/National Assembly/NA-32/NA-32-0002_4200072543509	guessing some col 2 missing
data/2018 Candidate Scrutiny Forms/KPK/Provincial Assembly/PAKW/PAKW-0031_1560217758548	too many rows in tax, but all three rows are identifiable
data/2018 Candidate Scrutiny Forms/Punjab/National Assembly/NA-103/NA-103-0002_3310668946385	too many rows in tax, but all three rows are identifiable
data/2018 Candidate Scrutiny Forms/Punjab/National Assembly/NA-138/NA-138-0002_3510237042907	guessing some col 2 missing
data/2018 Candidate Scrutiny Forms/Punjab/National Assembly/NA-149/NA-149-0009_3650214049047	guessing some col 2 missing
data/2018 Candidate Scrutiny Forms/Punjab/National Assembly/NA-149/NA-149-0009_3650214049047	guessing some col 2 missing
data/2018 Candidate Scrutiny Forms/Punjab/National Assembly/NA-149/NA-149-0009_3650214049047	guessing some col 2 missing
data/2018 Candidate Scrutiny Forms/Punjab/National Assembly/NA-182/NA-182-0005_3230441685435	guessing some col 2 missing
data/2018 Candidate Scrutiny Forms/Punjab/National Assembly/NA-53/NA-53-0010_3740552959443	too many rows in tax, but AOP share
data/2018 Candidate Scrutiny Forms/Punjab/National Assembly/NA-53/NA-53-0010_3740552959443	only 1 col
data/2018 Candidate Scrutiny Forms/Punjab/National Assembly/NA-53/NA-53-0010_3740552959443	only 1 col
data/2018 Candidate Scrutiny Forms/Punjab/National Assembly/NA-53/NA-53-0010_3740552959443	only 1 col
data/2018 Candidate Scrutiny Forms/Punjab/National Assembly/NA-61/NA-61-0001_3740552959443	too many rows in tax, but AOP share
data/2018 Candidate Scrutiny Forms/Punjab/National Assembly/NA-61/NA-61-0001_3740552959443	only 1 col
data/2018 Candidate Scrutiny Forms/Punjab/National Assembly/NA-61/NA-61-0001_3740552959443	only 1 col
data/2018 Candidate Scrutiny Forms/Punjab/National Assembly/NA-61/NA-61-0001_3740552959443	only 1 col
data/2018 Candidate Scrutiny Forms/Punjab/National Assembly/NA-80/NA-80-0013_3410161225643	only 1 col
data/2018 Candidate Scrutiny Forms/Punjab/National Assembly/NA-83/NA-83-0010_3410245994991	only 1 col
data/2018 Candidate Scrutiny Forms/Punjab/National Assembly/NA-98/NA-98-0006_3810106314423	too many rows in tax, but all three rows are identifiable
data/2018 Candidate Scrutiny Forms/Punjab/National Assembly/NA-98/NA-98-0006_3810106314423	guessing some col 2 missing
data/2018 Candidate Scrutiny Forms/Punjab/Provincial Assembly/PP-100/PP-100-0010_3310421593395	too many rows in tax, but all three rows are identifiable
data/2018 Candidate Scrutiny Forms/Punjab/Provincial Assembly/PP-103/PP-103-0006_3310680568807	too many rows in tax, but all three rows are identifiable
data/2018 Candidate Scrutiny Forms/Punjab/Provincial Assembly/PP-104/PP-104-0015_3310690883097	too many rows in tax, but all three rows are identifiable
data/2018 Candidate Scrutiny Forms/Punjab/Provincial Assembly/PP-13/PP-13-0009_3740502610895	only 1 col
data/2018 Candidate Scrutiny Forms/Punjab/Provincial Assembly/PP-13/PP-13-0009_3740502610895	only 1 col
data/2018 Candidate Scrutiny Forms/Punjab/Provincial Assembly/PP-141/PP-141-0007_3540433480583	too many rows in tax, but all three rows are identifiable
data/2018 Candidate Scrutiny Forms/Punjab/Provincial Assembly/PP-15/PP-15-0011_3740552959443	too many rows in tax, but AOP share
data/2018 Candidate Scrutiny Forms/Punjab/Provincial Assembly/PP-15/PP-15-0011_3740552959443	only 1 col
data/2018 Candidate Scrutiny Forms/Punjab/Provincial Assembly/PP-15/PP-15-0011_3740552959443	only 1 col
data/2018 Candidate Scrutiny Forms/Punjab/Provincial Assembly/PP-15/PP-15-0011_3740552959443	only 1 col
data/2018 Candidate Scrutiny Forms/Punjab/Provincial Assembly/PP-16/PP-16-0009_3740559699571	guessing col 3 missing
data/2018 Candidate Scrutiny Forms/Punjab/Provincial Assembly/PP-16/PP-16-0009_3740559699571	only 1 col
data/2018 Candidate Scrutiny Forms/Punjab/Provincial Assembly/PP-16/PP-16-0009_3740559699571	only 1 col
data/2018 Candidate Scrutiny Forms/Punjab/Provincial Assembly/PP-26/PP-26-0013_3730147649257	guessing some col 2 missing
data/2018 Candidate Scrutiny Forms/Punjab/Provincial Assembly/PP-45/PP-45-0009_3460316032953	guessing some col 2 missing
data/2018 Candidate Scrutiny Forms/Punjab/Provincial Assembly/PP-55/PP-55-0016_3410128979513	only 1 col
data/2018 Candidate Scrutiny Forms/Punjab/Provincial Assembly/PP-57/PP-57-0034_3410139726385	only 1 col
data/2018 Candidate Scrutiny Forms/Punjab/Provincial Assembly/PP-59/PP-59-0020_3410146580183	guessing some col 2 missing
data/2018 Candidate Scrutiny Forms/Punjab/Provincial Assembly/PP-59/PP-59-0020_3410146580183	guessing some col 2 missing
data/2018 Candidate Scrutiny Forms/Punjab/Provincial Assembly/PP-59/PP-59-0020_3410146580183	only 1 col
data/2018 Candidate Scrutiny Forms/Punjab/Provincial Assembly/PP-59/PP-59-0026_3410125063969	only 1 col
data/2018 Candidate Scrutiny Forms/Punjab/Provincial Assembly/PP-59/PP-59-0026_3410125063969	only 1 col
data/2018 Candidate Scrutiny Forms/Punjab/Provincial Assembly/PP-59/PP-59-0026_3410125063969	only 1 col
data/2018 Candidate Scrutiny Forms/Punjab/Provincial Assembly/PP-60/PP-60-0016_3410125063969	only 1 col
data/2018 Candidate Scrutiny Forms/Punjab/Provincial Assembly/PP-60/PP-60-0016_3410125063969	only 1 col
data/2018 Candidate Scrutiny Forms/Punjab/Provincial Assembly/PP-60/PP-60-0016_3410125063969	only 1 col
data/2018 Candidate Scrutiny Forms/Punjab/Provincial Assembly/PP-62/PP-62-0023_3410161225643	only 1 col
data/2018 Candidate Scrutiny Forms/Punjab/Provincial Assembly/PP-62/PP-62-0023_3410161225643	only 1 col
data/2018 Candidate Scrutiny Forms/Punjab/Provincial Assembly/PP-62/PP-62-0023_3410161225643	only 1 col
data/2018 Candidate Scrutiny Forms/Punjab/Provincial Assembly/PP-9/PP-9-0003_3740114815043	guessing some col 2 missing
data/2018 Candidate Scrutiny Forms/Punjab/Provincial Assembly/PP-9/PP-9-0025_4330149910677	too many rows in tax, but all three rows are identifiable
data/2018 Candidate Scrutiny Forms/Punjab/Provincial Assembly/PP-92/PP-92-0012_3810106314423	too many rows in tax, but all three rows are identifiable
data/2018 Candidate Scrutiny Forms/Punjab/Provincial Assembly/PP-92/PP-92-0012_3810106314423	guessing some col 2 missing
data/2018 Candidate Scrutiny Forms/Sindh/National Assembly/NA-196/NA-196-0001_4230122118897	only 1 col
data/2018 Candidate Scrutiny Forms/Sindh/National Assembly/NA-200/NA-200-0024_4320364410531	only 1 col
data/2018 Candidate Scrutiny Forms/Sindh/National Assembly/NA-200/NA-200-0024_4320364410531	only 1 col
data/2018 Candidate Scrutiny Forms/Sindh/National Assembly/NA-200/NA-200-0024_4320364410531	guessing some col 2 missing
data/2018 Candidate Scrutiny Forms/Sindh/National Assembly/NA-204/NA-204-0002_4510106161279	too many rows in tax, but all three rows are identifiable
data/2018 Candidate Scrutiny Forms/Sindh/National Assembly/NA-204/NA-204-0002_4510106161279	only 1 col
data/2018 Candidate Scrutiny Forms/Sindh/National Assembly/NA-206/NA-206-0002_4550104108919	guessing some col 2 missing
data/2018 Candidate Scrutiny Forms/Sindh/National Assembly/NA-207/NA-207-0002_4550481724178	only 1 col
data/2018 Candidate Scrutiny Forms/Sindh/National Assembly/NA-207/NA-207-0002_4550481724178	only 1 col
data/2018 Candidate Scrutiny Forms/Sindh/National Assembly/NA-211/NA-211-0021_4530278910227	only 1 col
data/2018 Candidate Scrutiny Forms/Sindh/National Assembly/NA-211/NA-211-0021_4530278910227	only 1 col
data/2018 Candidate Scrutiny Forms/Sindh/National Assembly/NA-211/NA-211-0021_4530278910227	guessing some col 2 missing
data/2018 Candidate Scrutiny Forms/Sindh/National Assembly/NA-236/NA-236-0013_1550108773695	only 1 col
data/2018 Candidate Scrutiny Forms/Sindh/National Assembly/NA-239/NA-239-0005_4220198502371	guessing col 3 missing
data/2018 Candidate Scrutiny Forms/Sindh/National Assembly/NASW (8)/NASW-0047_4210114071260	adding row of NA for presumed missing second year
data/2018 Candidate Scrutiny Forms/Sindh/Provincial Assembly/PASM/PASM-0037_4550118757611	only 1 col
data/2018 Candidate Scrutiny Forms/Sindh/Provincial Assembly/PASW/PASW-0011_4550481724178	only 1 col
data/2018 Candidate Scrutiny Forms/Sindh/Provincial Assembly/PS-1/PS-1-0002_4230122118897	only 1 col
data/2018 Candidate Scrutiny Forms/Sindh/Provincial Assembly/PS-12/PS-12-0020_4320173014423	only 1 col
data/2018 Candidate Scrutiny Forms/Sindh/Provincial Assembly/PS-12/PS-12-0020_4320173014423	only 1 col
data/2018 Candidate Scrutiny Forms/Sindh/Provincial Assembly/PS-12/PS-12-0020_4320173014423	only 1 col
data/2018 Candidate Scrutiny Forms/Sindh/Provincial Assembly/PS-123/PS-123-0027_4220168098301	adding row of NA for presumed missing second year
data/2018 Candidate Scrutiny Forms/Sindh/Provincial Assembly/PS-124/PS-124-0017_4210172154325	adding row of NA for presumed missing second year
data/2018 Candidate Scrutiny Forms/Sindh/Provincial Assembly/PS-18/PS-18-0004_4510106161279	too many rows in tax, but all three rows are identifiable
data/2018 Candidate Scrutiny Forms/Sindh/Provincial Assembly/PS-18/PS-18-0004_4510106161279	only 1 col
data/2018 Candidate Scrutiny Forms/Sindh/Provincial Assembly/PS-19/PS-19-0014_4510136091983	too many rows in tax, but all three rows are identifiable
data/2018 Candidate Scrutiny Forms/Sindh/Provincial Assembly/PS-19/PS-19-0014_4510136091983	only 1 col
data/2018 Candidate Scrutiny Forms/Sindh/Provincial Assembly/PS-2/PS-2-0005_4230122118897	only 1 col
data/2018 Candidate Scrutiny Forms/Sindh/Provincial Assembly/PS-22/PS-22-0002_4550104108919	guessing some col 2 missing
data/2018 Candidate Scrutiny Forms/Sindh/Provincial Assembly/PS-24/PS-24-0012_4550481724178	only 1 col
data/2018 Candidate Scrutiny Forms/Sindh/Provincial Assembly/PS-24/PS-24-0012_4550481724178	only 1 col
data/2018 Candidate Scrutiny Forms/Sindh/Provincial Assembly/PS-25/PS-25-0007_4550104108919	guessing some col 2 missing
data/2018 Candidate Scrutiny Forms/Sindh/Provincial Assembly/PS-33/PS-33-0022_4530278910227	only 1 col
data/2018 Candidate Scrutiny Forms/Sindh/Provincial Assembly/PS-33/PS-33-0022_4530278910227	only 1 col
data/2018 Candidate Scrutiny Forms/Sindh/Provincial Assembly/PS-33/PS-33-0022_4530278910227	guessing some col 2 missing
data/2018 Candidate Scrutiny Forms/Sindh/Provincial Assembly/PS-49/PS-49-0006_4230189906189	too many rows in tax, but all three rows are identifiable
data/2018 Candidate Scrutiny Forms/Sindh/Provincial Assembly/PS-91/PS-91-0034_4250187873873	adding row of NA for presumed missing second year
data/2018 Candidate Scrutiny Forms/Sindh/Provincial Assembly/PS-95 (2)/PS-95-0027_4200003602584	adding row of NA for presumed missing second year
